# JRE version: Java(TM) SE Runtime Environment (22.0.2+9) (build 22.0.2+9-70)
# Java VM: Java HotSpot(TM) 64-Bit Server VM (22.0.2+9-70, mixed mode, emulated-client, sharing, tiered, compressed oops, compressed class ptrs, g1 gc, windows-amd64)
GC Precious Log:
 CardTable entry size: 512
 Card Set container configuration: InlinePtr #cards 4 size 8 Array Of Cards #cards 16 size 48 Howl #buckets 8 coarsen threshold 3686 Howl Bitmap #cards 512 size 80 coarsen threshold 460 Card regions per heap region 1 cards per card region 4096
 CPUs: 4 total, 4 available
 Memory: 16347M
 Large Page Support: Disabled
 NUMA Support: Disabled
 Compressed Oops: Enabled (Zero based)
 Heap Region Size: 2M
 Heap Min Capacity: 8M
 Heap Initial Capacity: 256M
 Heap Max Capacity: 4088M
 Pre-touch: Disabled
 Parallel Workers: 4
 Concurrent Workers: 1
 Concurrent Refinement Workers: 4
 Periodic GC: Disabled
Heap:
 garbage-first heap   total reserved 4186112K, committed 61440K, used 28505K [0x0000000700800000, 0x0000000800000000)
  region size 2048K, 3 young (6144K), 1 survivors (2048K)
 Metaspace       used 47498K, committed 48320K, reserved 1114112K
  class space    used 6518K, committed 6848K, reserved 1048576K
GC Heap History (20 events):
Event: 945.536 GC heap before
{Heap before GC invocations=39 (full 8):
 garbage-first heap   total reserved 4186112K, committed 61440K, used 47163K [0x0000000700800000, 0x0000000800000000)
  region size 2048K, 15 young (30720K), 2 survivors (4096K)
 Metaspace       used 45902K, committed 46464K, reserved 1114112K
  class space    used 6324K, committed 6592K, reserved 1048576K
}
Event: 945.538 GC heap after
{Heap after GC invocations=40 (full 8):
 garbage-first heap   total reserved 4186112K, committed 61440K, used 23458K [0x0000000700800000, 0x0000000800000000)
  region size 2048K, 1 young (2048K), 1 survivors (2048K)
 Metaspace       used 45902K, committed 46464K, reserved 1114112K
  class space    used 6324K, committed 6592K, reserved 1048576K
}
Event: 952.278 GC heap before
{Heap before GC invocations=40 (full 8):
 garbage-first heap   total reserved 4186112K, committed 61440K, used 45986K [0x0000000700800000, 0x0000000800000000)
  region size 2048K, 13 young (26624K), 1 survivors (2048K)
 Metaspace       used 45917K, committed 46528K, reserved 1114112K
  class space    used 6328K, committed 6592K, reserved 1048576K
}
Event: 952.315 GC heap after
{Heap after GC invocations=41 (full 9):
 garbage-first heap   total reserved 4186112K, committed 61440K, used 19645K [0x0000000700800000, 0x0000000800000000)
  region size 2048K, 0 young (0K), 0 survivors (0K)
 Metaspace       used 45914K, committed 46528K, reserved 1114112K
  class space    used 6328K, committed 6592K, reserved 1048576K
}
Event: 952.784 GC heap before
{Heap before GC invocations=41 (full 9):
 garbage-first heap   total reserved 4186112K, committed 61440K, used 54461K [0x0000000700800000, 0x0000000800000000)
  region size 2048K, 17 young (34816K), 0 survivors (0K)
 Metaspace       used 45979K, committed 46528K, reserved 1114112K
  class space    used 6339K, committed 6592K, reserved 1048576K
}
Event: 952.786 GC heap after
{Heap after GC invocations=42 (full 9):
 garbage-first heap   total reserved 4186112K, committed 61440K, used 22581K [0x0000000700800000, 0x0000000800000000)
  region size 2048K, 2 young (4096K), 2 survivors (4096K)
 Metaspace       used 45979K, committed 46528K, reserved 1114112K
  class space    used 6339K, committed 6592K, reserved 1048576K
}
Event: 952.970 GC heap before
{Heap before GC invocations=42 (full 9):
 garbage-first heap   total reserved 4186112K, committed 61440K, used 49205K [0x0000000700800000, 0x0000000800000000)
  region size 2048K, 16 young (32768K), 2 survivors (4096K)
 Metaspace       used 46018K, committed 46592K, reserved 1114112K
  class space    used 6346K, committed 6592K, reserved 1048576K
}
Event: 952.972 GC heap after
{Heap after GC invocations=43 (full 9):
 garbage-first heap   total reserved 4186112K, committed 61440K, used 23775K [0x0000000700800000, 0x0000000800000000)
  region size 2048K, 1 young (2048K), 1 survivors (2048K)
 Metaspace       used 46018K, committed 46592K, reserved 1114112K
  class space    used 6346K, committed 6592K, reserved 1048576K
}
Event: 996.199 GC heap before
{Heap before GC invocations=43 (full 9):
 garbage-first heap   total reserved 4186112K, committed 61440K, used 52447K [0x0000000700800000, 0x0000000800000000)
  region size 2048K, 15 young (30720K), 1 survivors (2048K)
 Metaspace       used 47842K, committed 48448K, reserved 1114112K
  class space    used 6564K, committed 6848K, reserved 1048576K
}
Event: 996.202 GC heap after
{Heap after GC invocations=44 (full 9):
 garbage-first heap   total reserved 4186112K, committed 61440K, used 25459K [0x0000000700800000, 0x0000000800000000)
  region size 2048K, 2 young (4096K), 2 survivors (4096K)
 Metaspace       used 47842K, committed 48448K, reserved 1114112K
  class space    used 6564K, committed 6848K, reserved 1048576K
}
Event: 1082.565 GC heap before
{Heap before GC invocations=44 (full 9):
 garbage-first heap   total reserved 4186112K, committed 61440K, used 31603K [0x0000000700800000, 0x0000000800000000)
  region size 2048K, 6 young (12288K), 2 survivors (4096K)
 Metaspace       used 47847K, committed 48448K, reserved 1114112K
  class space    used 6565K, committed 6848K, reserved 1048576K
}
Event: 1082.605 GC heap after
{Heap after GC invocations=45 (full 10):
 garbage-first heap   total reserved 4186112K, committed 61440K, used 17180K [0x0000000700800000, 0x0000000800000000)
  region size 2048K, 0 young (0K), 0 survivors (0K)
 Metaspace       used 47119K, committed 48320K, reserved 1114112K
  class space    used 6440K, committed 6848K, reserved 1048576K
}
Event: 1084.417 GC heap before
{Heap before GC invocations=45 (full 10):
 garbage-first heap   total reserved 4186112K, committed 61440K, used 54044K [0x0000000700800000, 0x0000000800000000)
  region size 2048K, 18 young (36864K), 0 survivors (0K)
 Metaspace       used 47282K, committed 48320K, reserved 1114112K
  class space    used 6476K, committed 6848K, reserved 1048576K
}
Event: 1084.420 GC heap after
{Heap after GC invocations=46 (full 10):
 garbage-first heap   total reserved 4186112K, committed 61440K, used 21221K [0x0000000700800000, 0x0000000800000000)
  region size 2048K, 2 young (4096K), 2 survivors (4096K)
 Metaspace       used 47282K, committed 48320K, reserved 1114112K
  class space    used 6476K, committed 6848K, reserved 1048576K
}
Event: 1084.674 GC heap before
{Heap before GC invocations=46 (full 10):
 garbage-first heap   total reserved 4186112K, committed 61440K, used 51941K [0x0000000700800000, 0x0000000800000000)
  region size 2048K, 17 young (34816K), 2 survivors (4096K)
 Metaspace       used 47382K, committed 48320K, reserved 1114112K
  class space    used 6497K, committed 6848K, reserved 1048576K
}
Event: 1084.678 GC heap after
{Heap after GC invocations=47 (full 10):
 garbage-first heap   total reserved 4186112K, committed 61440K, used 23128K [0x0000000700800000, 0x0000000800000000)
  region size 2048K, 2 young (4096K), 2 survivors (4096K)
 Metaspace       used 47382K, committed 48320K, reserved 1114112K
  class space    used 6497K, committed 6848K, reserved 1048576K
}
Event: 1140.770 GC heap before
{Heap before GC invocations=47 (full 10):
 garbage-first heap   total reserved 4186112K, committed 61440K, used 49752K [0x0000000700800000, 0x0000000800000000)
  region size 2048K, 15 young (30720K), 2 survivors (4096K)
 Metaspace       used 47430K, committed 48320K, reserved 1114112K
  class space    used 6510K, committed 6848K, reserved 1048576K
}
Event: 1140.779 GC heap after
{Heap after GC invocations=48 (full 10):
 garbage-first heap   total reserved 4186112K, committed 61440K, used 25508K [0x0000000700800000, 0x0000000800000000)
  region size 2048K, 2 young (4096K), 2 survivors (4096K)
 Metaspace       used 47430K, committed 48320K, reserved 1114112K
  class space    used 6510K, committed 6848K, reserved 1048576K
}
Event: 1533.383 GC heap before
{Heap before GC invocations=48 (full 10):
 garbage-first heap   total reserved 4186112K, committed 61440K, used 48036K [0x0000000700800000, 0x0000000800000000)
  region size 2048K, 14 young (28672K), 2 survivors (4096K)
 Metaspace       used 47457K, committed 48320K, reserved 1114112K
  class space    used 6516K, committed 6848K, reserved 1048576K
}
Event: 1533.386 GC heap after
{Heap after GC invocations=49 (full 10):
 garbage-first heap   total reserved 4186112K, committed 61440K, used 26457K [0x0000000700800000, 0x0000000800000000)
  region size 2048K, 1 young (2048K), 1 survivors (2048K)
 Metaspace       used 47457K, committed 48320K, reserved 1114112K
  class space    used 6516K, committed 6848K, reserved 1048576K
}

